<?xml version="1.0" encoding="UTF-8"?>
<!-- Generated by org.testng.reporters.JUnitReportReporter -->
<testsuite hostname="DESKTOP-V8MVK5I" name="com.actitime.scripts.TestLogin" tests="1" failures="0" timestamp="26 Dec 2019 07:42:09 GMT" time="16.852" errors="0">
  <testcase name="test1" time="16.852" classname="com.actitime.scripts.TestLogin"/>
</testsuite> <!-- com.actitime.scripts.TestLogin -->
