<?xml version="1.0" encoding="UTF-8"?>
<!-- Generated by org.testng.reporters.JUnitReportReporter -->
<testsuite hostname="DESKTOP-V8MVK5I" name="com.actitime.scripts.TestNewTaskPage" tests="1" failures="0" timestamp="27 Dec 2019 06:48:17 GMT" time="34.794" errors="0">
  <testcase name="createNewTasktest" time="34.794" classname="com.actitime.scripts.TestNewTaskPage"/>
</testsuite> <!-- com.actitime.scripts.TestNewTaskPage -->
