<?xml version="1.0" encoding="UTF-8"?>
<!-- Generated by org.testng.reporters.JUnitReportReporter -->
<testsuite hostname="DESKTOP-V8MVK5I" name="com.actitime.scripts.Testinvalidlogin" tests="1" failures="0" timestamp="27 Dec 2019 06:51:49 GMT" time="21.512" errors="0">
  <testcase name="test1" time="21.512" classname="com.actitime.scripts.Testinvalidlogin"/>
</testsuite> <!-- com.actitime.scripts.Testinvalidlogin -->
