<?xml version="1.0" encoding="UTF-8"?>
<!-- Generated by org.testng.reporters.JUnitReportReporter -->
<testsuite hostname="DESKTOP-V8MVK5I" name="com.actitime.scripts.TestCreateCustomerPage" tests="1" failures="0" timestamp="27 Dec 2019 06:48:17 GMT" time="17.241" errors="0">
  <testcase name="createCustomerTest" time="17.241" classname="com.actitime.scripts.TestCreateCustomerPage"/>
</testsuite> <!-- com.actitime.scripts.TestCreateCustomerPage -->
