<?xml version="1.0" encoding="UTF-8"?>
<!-- Generated by org.testng.reporters.JUnitReportReporter -->
<testsuite hostname="DESKTOP-V8MVK5I" name="com.actitime.scripts.TestExl" tests="1" failures="0" timestamp="25 Dec 2019 05:47:27 GMT" time="0.938" errors="0">
  <testcase name="test1" time="0.938" classname="com.actitime.scripts.TestExl"/>
</testsuite> <!-- com.actitime.scripts.TestExl -->
