<?xml version="1.0" encoding="UTF-8"?>
<!-- Generated by org.testng.reporters.JUnitReportReporter -->
<testsuite hostname="DESKTOP-V8MVK5I" name="com.actitime.scripts.TestCreateNewProject" tests="1" failures="0" timestamp="27 Dec 2019 06:48:17 GMT" time="23.785" errors="0">
  <testcase name="createProjectest" time="23.785" classname="com.actitime.scripts.TestCreateNewProject"/>
</testsuite> <!-- com.actitime.scripts.TestCreateNewProject -->
